<?xml version="1.0" encoding="UTF-8"?>
<!-- Generated by org.testng.reporters.JUnitReportReporter -->
<testsuite hostname="Lenovo-PC" failures="0" tests="1" name="testcase.CheckTop10" time="0.929" errors="0" timestamp="2023-02-14T00:03:56 CET" skipped="0">
  <testcase classname="testcase.CheckTop10" name="ListTop10" time="0.929"/>
  <system-out/>
</testsuite> <!-- testcase.CheckTop10 -->
